# JRE version: 7.0_11-b21
# Java VM: Java HotSpot(TM) Client VM (23.6-b04 mixed mode windows-x86 )
Heap
 def new generation   total 4928K, used 3792K [0x04660000, 0x04bb0000, 0x09bb0000)
  eden space 4416K,  74% used [0x04660000, 0x04994208, 0x04ab0000)
  from space 512K, 100% used [0x04ab0000, 0x04b30000, 0x04b30000)
  to   space 512K,   0% used [0x04b30000, 0x04b30000, 0x04bb0000)
 tenured generation   total 10944K, used 1584K [0x09bb0000, 0x0a660000, 0x14660000)
   the space 10944K,  14% used [0x09bb0000, 0x09d3c0b0, 0x09d3c200, 0x0a660000)
 compacting perm gen  total 12288K, used 4603K [0x14660000, 0x15260000, 0x18660000)
   the space 12288K,  37% used [0x14660000, 0x14adec70, 0x14adee00, 0x15260000)
GC Heap History (4 events):
Event: 0.428 GC heap before
{Heap before GC invocations=0 (full 0):
 def new generation   total 4928K, used 4416K [0x04660000, 0x04bb0000, 0x09bb0000)
  eden space 4416K, 100% used [0x04660000, 0x04ab0000, 0x04ab0000)
  from space 512K,   0% used [0x04ab0000, 0x04ab0000, 0x04b30000)
  to   space 512K,   0% used [0x04b30000, 0x04b30000, 0x04bb0000)
 tenured generation   total 10944K, used 0K [0x09bb0000, 0x0a660000, 0x14660000)
   the space 10944K,   0% used [0x09bb0000, 0x09bb0000, 0x09bb0200, 0x0a660000)
 compacting perm gen  total 12288K, used 2953K [0x14660000, 0x15260000, 0x18660000)
   the space 12288K,  24% used [0x14660000, 0x14942690, 0x14942800, 0x15260000)
No shared spaces configured.
Event: 0.434 GC heap after
Heap after GC invocations=1 (full 0):
 def new generation   total 4928K, used 512K [0x04660000, 0x04bb0000, 0x09bb0000)
  eden space 4416K,   0% used [0x04660000, 0x04660000, 0x04ab0000)
  from space 512K, 100% used [0x04b30000, 0x04bb0000, 0x04bb0000)
  to   space 512K,   0% used [0x04ab0000, 0x04ab0000, 0x04b30000)
 tenured generation   total 10944K, used 549K [0x09bb0000, 0x0a660000, 0x14660000)
   the space 10944K,   5% used [0x09bb0000, 0x09c39410, 0x09c39600, 0x0a660000)
 compacting perm gen  total 12288K, used 2953K [0x14660000, 0x15260000, 0x18660000)
   the space 12288K,  24% used [0x14660000, 0x14942690, 0x14942800, 0x15260000)
No shared spaces configured.
}
Event: 1.378 GC heap before
{Heap before GC invocations=1 (full 0):
 def new generation   total 4928K, used 4928K [0x04660000, 0x04bb0000, 0x09bb0000)
  eden space 4416K, 100% used [0x04660000, 0x04ab0000, 0x04ab0000)
  from space 512K, 100% used [0x04b30000, 0x04bb0000, 0x04bb0000)
  to   space 512K,   0% used [0x04ab0000, 0x04ab0000, 0x04b30000)
 tenured generation   total 10944K, used 549K [0x09bb0000, 0x0a660000, 0x14660000)
   the space 10944K,   5% used [0x09bb0000, 0x09c39410, 0x09c39600, 0x0a660000)
 compacting perm gen  total 12288K, used 4186K [0x14660000, 0x15260000, 0x18660000)
   the space 12288K,  34% used [0x14660000, 0x14a76a60, 0x14a76c00, 0x15260000)
No shared spaces configured.
Event: 1.386 GC heap after
Heap after GC invocations=2 (full 0):
 def new generation   total 4928K, used 512K [0x04660000, 0x04bb0000, 0x09bb0000)
  eden space 4416K,   0% used [0x04660000, 0x04660000, 0x04ab0000)
  from space 512K, 100% used [0x04ab0000, 0x04b30000, 0x04b30000)
  to   space 512K,   0% used [0x04b30000, 0x04b30000, 0x04bb0000)
 tenured generation   total 10944K, used 1584K [0x09bb0000, 0x0a660000, 0x14660000)
   the space 10944K,  14% used [0x09bb0000, 0x09d3c0b0, 0x09d3c200, 0x0a660000)
 compacting perm gen  total 12288K, used 4186K [0x14660000, 0x15260000, 0x18660000)
   the space 12288K,  34% used [0x14660000, 0x14a76a60, 0x14a76c00, 0x15260000)
No shared spaces configured.
}

